<?xml version="1.0" encoding="UTF-8"?>
<!-- Generated by org.testng.reporters.JUnitXMLReporter -->
<testsuite ignored="0" hostname="Rohit" failures="2" tests="4" name="Test" time="17.002" errors="0" timestamp="2021-10-29T17:47:18 IST">
  <testcase classname="tests.DashboardTest1" name="@BeforeMethod initialize" time="0.025">
    <failure type="java.lang.NullPointerException" message="Cannot invoke &amp;quot;org.openqa.selenium.WebDriver.get(String)&amp;quot; because the return value of &amp;quot;java.lang.ThreadLocal.get()&amp;quot; is null">
      <![CDATA[java.lang.NullPointerException: Cannot invoke "org.openqa.selenium.WebDriver.get(String)" because the return value of "java.lang.ThreadLocal.get()" is null
at src.baseClass2.loadAppURL(baseClass2.java:123)
at src.baseClass2.<init>(baseClass2.java:36)
at utils.WebDriverEvents2.<init>(WebDriverEvents2.java:30)
at pageObjects.Dashboard.<init>(Dashboard.java:16)
at tests.DashboardTest1.initialize(DashboardTest1.java:13)
at java.base/java.util.concurrent.ThreadPoolExecutor.runWorker(ThreadPoolExecutor.java:1136)
at java.base/java.util.concurrent.ThreadPoolExecutor$Worker.run(ThreadPoolExecutor.java:635)
at java.base/java.lang.Thread.run(Thread.java:833)
... Removed 16 stack frames]]>
    </failure>
  </testcase> <!-- @BeforeMethod initialize -->
  <testcase classname="tests.DashboardTest1" name="@BeforeMethod initialize" time="-1.635509821764E9">
    <skipped/>
  </testcase> <!-- @BeforeMethod initialize -->
  <testcase classname="tests.DashboardTest1" name="validSearchTest" time="0.0">
    <skipped/>
  </testcase> <!-- validSearchTest -->
  <testcase classname="tests.DashboardTest1" name="validSearchTest2" time="0.0">
    <skipped/>
  </testcase> <!-- validSearchTest2 -->
  <testcase classname="tests.Dashboardtests" name="validSearchTest" time="2.362">
    <failure type="java.lang.AssertionError" message="expected [true] but found [false]">
      <![CDATA[java.lang.AssertionError: expected [true] but found [false]
at pageObjects.Dashboard.checkSearchWithValidValue(Dashboard.java:95)
at tests.Dashboardtests.validSearchTest(Dashboardtests.java:19)
at java.base/java.util.concurrent.ThreadPoolExecutor.runWorker(ThreadPoolExecutor.java:1136)
at java.base/java.util.concurrent.ThreadPoolExecutor$Worker.run(ThreadPoolExecutor.java:635)
at java.base/java.lang.Thread.run(Thread.java:833)
... Removed 16 stack frames]]>
    </failure>
  </testcase> <!-- validSearchTest -->
  <testcase classname="tests.Dashboardtests" name="validSearchTest2" time="1.685">
    <failure type="java.lang.AssertionError" message="expected [true] but found [false]">
      <![CDATA[java.lang.AssertionError: expected [true] but found [false]
at pageObjects.Dashboard.validateResultWithSearch(Dashboard.java:65)
at tests.Dashboardtests.validSearchTest2(Dashboardtests.java:27)
at java.base/java.util.concurrent.ThreadPoolExecutor.runWorker(ThreadPoolExecutor.java:1136)
at java.base/java.util.concurrent.ThreadPoolExecutor$Worker.run(ThreadPoolExecutor.java:635)
at java.base/java.lang.Thread.run(Thread.java:833)
... Removed 16 stack frames]]>
    </failure>
  </testcase> <!-- validSearchTest2 -->
</testsuite> <!-- Test -->
